2017-10-24 18:41:42,460 train_knn - INFO | cnf_matrix
 [[11  0  0  0  0  0  0  0  0  0  0]
 [ 0 24  1  0  0  0  0  0  0  0  0]
 [ 0  0 18  0  0  0  0  0  0  0  0]
 [ 0  0  0 21  0  0  0  0  0  0  0]
 [ 0  0  0  0 13  0  0  0  0  0  0]
 [ 0  0  0  0  0 11  0  0  0  0  0]
 [ 0  0  0  0  0  0 11  0  0  0  0]
 [ 0  0  0  0  0  0  0  6  0  0  0]
 [ 0  0  0  0  0  0  0  0  8  0  0]
 [ 0  0  0  0  0  0  0  0  0 25  0]
 [ 0  0  0  0  0  0  0  0  0  0 15]]
2017-10-24 18:41:42,460 train_knn - INFO | cnf_matrix
 [[11  0  0  0  0  0  0  0  0  0  0]
 [ 0 24  1  0  0  0  0  0  0  0  0]
 [ 0  0 18  0  0  0  0  0  0  0  0]
 [ 0  0  0 21  0  0  0  0  0  0  0]
 [ 0  0  0  0 13  0  0  0  0  0  0]
 [ 0  0  0  0  0 11  0  0  0  0  0]
 [ 0  0  0  0  0  0 11  0  0  0  0]
 [ 0  0  0  0  0  0  0  6  0  0  0]
 [ 0  0  0  0  0  0  0  0  8  0  0]
 [ 0  0  0  0  0  0  0  0  0 25  0]
 [ 0  0  0  0  0  0  0  0  0  0 15]]
2017-10-24 18:41:42,460 train_knn - INFO | cnf_matrix
 [[11  0  0  0  0  0  0  0  0  0  0]
 [ 0 24  1  0  0  0  0  0  0  0  0]
 [ 0  0 18  0  0  0  0  0  0  0  0]
 [ 0  0  0 21  0  0  0  0  0  0  0]
 [ 0  0  0  0 13  0  0  0  0  0  0]
 [ 0  0  0  0  0 11  0  0  0  0  0]
 [ 0  0  0  0  0  0 11  0  0  0  0]
 [ 0  0  0  0  0  0  0  6  0  0  0]
 [ 0  0  0  0  0  0  0  0  8  0  0]
 [ 0  0  0  0  0  0  0  0  0 25  0]
 [ 0  0  0  0  0  0  0  0  0  0 15]]
2017-10-24 18:41:42,460 train_knn - INFO | cnf_matrix
 [[11  0  0  0  0  0  0  0  0  0  0]
 [ 0 24  1  0  0  0  0  0  0  0  0]
 [ 0  0 18  0  0  0  0  0  0  0  0]
 [ 0  0  0 21  0  0  0  0  0  0  0]
 [ 0  0  0  0 13  0  0  0  0  0  0]
 [ 0  0  0  0  0 11  0  0  0  0  0]
 [ 0  0  0  0  0  0 11  0  0  0  0]
 [ 0  0  0  0  0  0  0  6  0  0  0]
 [ 0  0  0  0  0  0  0  0  8  0  0]
 [ 0  0  0  0  0  0  0  0  0 25  0]
 [ 0  0  0  0  0  0  0  0  0  0 15]]
2017-10-24 18:41:42,460 train_knn - INFO | cnf_matrix
 [[11  0  0  0  0  0  0  0  0  0  0]
 [ 0 24  1  0  0  0  0  0  0  0  0]
 [ 0  0 18  0  0  0  0  0  0  0  0]
 [ 0  0  0 21  0  0  0  0  0  0  0]
 [ 0  0  0  0 13  0  0  0  0  0  0]
 [ 0  0  0  0  0 11  0  0  0  0  0]
 [ 0  0  0  0  0  0 11  0  0  0  0]
 [ 0  0  0  0  0  0  0  6  0  0  0]
 [ 0  0  0  0  0  0  0  0  8  0  0]
 [ 0  0  0  0  0  0  0  0  0 25  0]
 [ 0  0  0  0  0  0  0  0  0  0 15]]
